<?xml version="1.0" encoding="UTF-8"?>
<!-- Generated by org.testng.reporters.JUnitReportReporter -->
<testsuite hostname="CSULACS" name="gefpmvc.model.dao.PlanDaoTest" tests="1" failures="0" timestamp="13 Mar 2015 04:48:26 GMT" time="0.003" errors="0">
  <testcase name="addPlan" time="0.003" classname="gefpmvc.model.dao.PlanDaoTest"/>
</testsuite> <!-- gefpmvc.model.dao.PlanDaoTest -->
