<?xml version="1.0" encoding="UTF-8"?>
<!-- Generated by org.testng.reporters.JUnitReportReporter -->
<testsuite hostname="CSULACS" name="gefpmvc.model.dao.UserDaoTest" tests="3" failures="0" timestamp="13 Mar 2015 04:48:26 GMT" time="0.357" errors="0">
  <testcase name="checkAllCheckpoint" time="0.299" classname="gefpmvc.model.dao.UserDaoTest"/>
  <testcase name="checkOneCheckpoint" time="0.014" classname="gefpmvc.model.dao.UserDaoTest"/>
  <testcase name="getUserByUsername" time="0.044" classname="gefpmvc.model.dao.UserDaoTest"/>
</testsuite> <!-- gefpmvc.model.dao.UserDaoTest -->
