<?xml version="1.0" encoding="UTF-8"?>
<!-- Generated by org.testng.reporters.JUnitReportReporter -->
<testsuite hostname="CSULACS" name="gefpmvc.modelTest.dao.UserDaoTest" tests="2" failures="0" timestamp="13 Mar 2015 04:48:26 GMT" time="0.029" errors="0">
  <testcase name="getUsers" time="0.018" classname="gefpmvc.modelTest.dao.UserDaoTest"/>
  <testcase name="getUser" time="0.011" classname="gefpmvc.modelTest.dao.UserDaoTest"/>
</testsuite> <!-- gefpmvc.modelTest.dao.UserDaoTest -->
