<?xml version="1.0" encoding="UTF-8"?>
<!-- Generated by org.testng.reporters.JUnitReportReporter -->
<testsuite hostname="CSULACS" name="gefpmvc.model.dao.DepartmentDaoTest" tests="1" failures="0" timestamp="13 Mar 2015 04:48:26 GMT" time="0.159" errors="0">
  <testcase name="addDepartment" time="0.159" classname="gefpmvc.model.dao.DepartmentDaoTest"/>
</testsuite> <!-- gefpmvc.model.dao.DepartmentDaoTest -->
